{
  "RSpec": {
    "coverage": {
      "/home/rafael/projetos/desafios/implement_test/SolucaoDesafio_MyFreeComm/spec/controllers/example_inputs_controller_spec.rb": [
        1,
        null,
        1,
        1,
        1,
        1,
        1,
        null,
        null,
        null,
        1,
        1,
        1,
        null,
        null,
        null,
        null,
        null,
        1,
        1,
        null,
        null,
        null,
        1,
        1,
        null,
        null,
        null,
        null,
        null,
        null,
        null,
        null
      ],
      "/home/rafael/projetos/desafios/implement_test/SolucaoDesafio_MyFreeComm/spec/rails_helper.rb": [
        1,
        1,
        1,
        1,
        1,
        1,
        null,
        null,
        1,
        1,
        null,
        null,
        1,
        null,
        1,
        1,
        1,
        1,
        1,
        null
      ],
      "/home/rafael/projetos/desafios/implement_test/SolucaoDesafio_MyFreeComm/config/environment.rb": [
        null,
        1,
        null,
        null,
        1
      ],
      "/home/rafael/projetos/desafios/implement_test/SolucaoDesafio_MyFreeComm/config/application.rb": [
        1,
        null,
        1,
        1,
        null,
        null,
        null,
        1,
        null,
        1,
        1,
        null,
        1,
        null,
        null,
        null,
        null,
        null,
        null
      ],
      "/home/rafael/projetos/desafios/implement_test/SolucaoDesafio_MyFreeComm/config/boot.rb": [
        1,
        null,
        1
      ],
      "/home/rafael/projetos/desafios/implement_test/SolucaoDesafio_MyFreeComm/config/environments/test.rb": [
        1,
        null,
        null,
        null,
        null,
        null,
        null,
        1,
        null,
        null,
        null,
        null,
        1,
        null,
        null,
        1,
        1,
        null,
        null,
        null,
        null,
        1,
        1,
        null,
        null,
        1,
        null,
        null,
        1,
        1,
        null,
        null,
        null,
        null,
        1,
        null,
        null,
        1,
        null,
        null,
        null,
        null
      ],
      "/home/rafael/projetos/desafios/implement_test/SolucaoDesafio_MyFreeComm/config/initializers/application_controller_renderer.rb": [
        null,
        null,
        null,
        null,
        null,
        null,
        null,
        null
      ],
      "/home/rafael/projetos/desafios/implement_test/SolucaoDesafio_MyFreeComm/config/initializers/assets.rb": [
        null,
        null,
        null,
        1,
        null,
        null,
        null,
        null,
        1,
        null,
        null,
        null,
        null,
        null
      ],
      "/home/rafael/projetos/desafios/implement_test/SolucaoDesafio_MyFreeComm/config/initializers/backtrace_silencers.rb": [
        null,
        null,
        null,
        null,
        null,
        null,
        null
      ],
      "/home/rafael/projetos/desafios/implement_test/SolucaoDesafio_MyFreeComm/config/initializers/cookies_serializer.rb": [
        null,
        null,
        null,
        null,
        1
      ],
      "/home/rafael/projetos/desafios/implement_test/SolucaoDesafio_MyFreeComm/config/initializers/filter_parameter_logging.rb": [
        null,
        null,
        null,
        1
      ],
      "/home/rafael/projetos/desafios/implement_test/SolucaoDesafio_MyFreeComm/config/initializers/inflections.rb": [
        null,
        null,
        null,
        null,
        null,
        null,
        null,
        null,
        null,
        null,
        null,
        null,
        null,
        null,
        null,
        null
      ],
      "/home/rafael/projetos/desafios/implement_test/SolucaoDesafio_MyFreeComm/config/initializers/mime_types.rb": [
        null,
        null,
        null,
        null
      ],
      "/home/rafael/projetos/desafios/implement_test/SolucaoDesafio_MyFreeComm/config/initializers/wrap_parameters.rb": [
        null,
        null,
        null,
        null,
        null,
        null,
        1,
        2,
        null,
        null,
        null,
        null,
        null,
        null
      ],
      "/home/rafael/projetos/desafios/implement_test/SolucaoDesafio_MyFreeComm/spec/factories/example_inputs.rb": [
        1,
        1,
        null,
        1,
        1,
        1,
        1,
        1,
        1,
        1,
        null,
        null,
        null,
        1,
        1,
        1,
        1,
        1,
        1,
        1,
        null,
        null,
        null
      ],
      "/home/rafael/projetos/desafios/implement_test/SolucaoDesafio_MyFreeComm/app/models/example_input.rb": [
        1,
        1,
        null,
        1,
        1,
        null,
        0,
        0,
        0,
        null,
        null,
        null,
        null,
        1,
        1,
        null,
        0,
        0,
        0,
        0,
        0,
        0,
        null,
        0,
        null,
        null,
        null,
        1,
        1,
        0,
        0,
        0,
        0,
        null,
        null,
        1,
        0,
        null,
        null,
        1,
        0,
        0,
        0,
        0,
        null,
        null,
        1,
        0,
        0,
        0,
        0,
        null,
        null,
        1,
        0,
        0,
        0,
        0,
        null,
        null,
        1,
        0,
        0,
        0,
        0,
        0,
        0,
        0,
        0,
        null,
        null,
        1,
        0,
        0,
        0,
        0,
        null,
        null
      ],
      "/home/rafael/projetos/desafios/implement_test/SolucaoDesafio_MyFreeComm/app/models/application_record.rb": [
        1,
        1,
        null
      ],
      "/home/rafael/projetos/desafios/implement_test/SolucaoDesafio_MyFreeComm/config/routes.rb": [
        1,
        1,
        1,
        1,
        1,
        null,
        1,
        1,
        1,
        null,
        null,
        null,
        1,
        null
      ],
      "/home/rafael/projetos/desafios/implement_test/SolucaoDesafio_MyFreeComm/app/helpers/application_helper.rb": [
        1,
        null
      ],
      "/home/rafael/projetos/desafios/implement_test/SolucaoDesafio_MyFreeComm/app/helpers/example_inputs_helper.rb": [
        1,
        null
      ],
      "/home/rafael/projetos/desafios/implement_test/SolucaoDesafio_MyFreeComm/app/helpers/items_helper.rb": [
        1,
        null
      ],
      "/home/rafael/projetos/desafios/implement_test/SolucaoDesafio_MyFreeComm/app/helpers/merchants_helper.rb": [
        1,
        null
      ],
      "/home/rafael/projetos/desafios/implement_test/SolucaoDesafio_MyFreeComm/app/helpers/model_helper.rb": [
        1,
        null
      ],
      "/home/rafael/projetos/desafios/implement_test/SolucaoDesafio_MyFreeComm/app/helpers/purchasers_helper.rb": [
        1,
        null
      ],
      "/home/rafael/projetos/desafios/implement_test/SolucaoDesafio_MyFreeComm/app/helpers/revenues_helper.rb": [
        1,
        null
      ],
      "/home/rafael/projetos/desafios/implement_test/SolucaoDesafio_MyFreeComm/spec/support/factory_bot.rb": [
        1,
        1,
        null
      ],
      "/home/rafael/projetos/desafios/implement_test/SolucaoDesafio_MyFreeComm/app/controllers/example_inputs_controller.rb": [
        1,
        1,
        null,
        null,
        null,
        1,
        1,
        null,
        1,
        1,
        1,
        null,
        null,
        null,
        1,
        0,
        0,
        0,
        null,
        0,
        null,
        null,
        0,
        null,
        null,
        null,
        null,
        null,
        1,
        null,
        null,
        null,
        1,
        0,
        null,
        null,
        null,
        1,
        null,
        null,
        null,
        null,
        1,
        0,
        null,
        0,
        0,
        0,
        0,
        null,
        0,
        0,
        null,
        null,
        null,
        null,
        null,
        null,
        1,
        0,
        0,
        0,
        0,
        null,
        0,
        0,
        null,
        null,
        null,
        null,
        null,
        null,
        1,
        0,
        0,
        0,
        0,
        null,
        null,
        null,
        1,
        null,
        1,
        1,
        null,
        null,
        null,
        1,
        0,
        null,
        null
      ],
      "/home/rafael/projetos/desafios/implement_test/SolucaoDesafio_MyFreeComm/app/controllers/application_controller.rb": [
        1,
        1,
        null
      ],
      "/home/rafael/projetos/desafios/implement_test/SolucaoDesafio_MyFreeComm/spec/controllers/revenues_controller_spec.rb": [
        1,
        null,
        1,
        1,
        1,
        1,
        1,
        null,
        null,
        null,
        1,
        1,
        1,
        null,
        1,
        1,
        null,
        null,
        null
      ],
      "/home/rafael/projetos/desafios/implement_test/SolucaoDesafio_MyFreeComm/app/controllers/revenues_controller.rb": [
        1,
        1,
        null,
        null,
        null,
        1,
        1,
        null,
        null,
        null,
        null,
        1,
        null,
        null,
        null,
        1,
        0,
        null,
        null,
        null,
        1,
        null,
        null,
        null,
        null,
        1,
        0,
        null,
        0,
        0,
        0,
        0,
        null,
        0,
        0,
        null,
        null,
        null,
        null,
        null,
        null,
        1,
        0,
        0,
        0,
        0,
        null,
        0,
        0,
        null,
        null,
        null,
        null,
        null,
        null,
        1,
        0,
        0,
        0,
        0,
        null,
        null,
        null,
        1,
        null,
        1,
        1,
        null,
        null,
        null,
        1,
        0,
        null,
        null
      ],
      "/home/rafael/projetos/desafios/implement_test/SolucaoDesafio_MyFreeComm/spec/models/example_input_spec.rb": [
        1,
        1,
        null,
        null,
        1,
        1,
        1,
        null,
        1,
        1,
        1,
        null,
        null,
        null,
        1,
        1,
        1,
        null,
        null,
        null,
        null,
        null
      ],
      "/home/rafael/projetos/desafios/implement_test/SolucaoDesafio_MyFreeComm/app/models/revenue.rb": [
        1,
        null
      ]
    },
    "timestamp": 1511756282
  }
}
